<?xml version="1.0" encoding="UTF-8"?>
<testsuite xmlns:xsi="http://www.w3.org/2001/XMLSchema-instance" xsi:noNamespaceSchemaLocation="https://maven.apache.org/surefire/maven-surefire-plugin/xsd/surefire-test-report.xsd" name="com.hbsd.rjxy.lunwen.LunwenApplicationTests" time="52.254" tests="1" errors="0" skipped="0" failures="0">
  <properties>
    <property name="sun.desktop" value="windows"/>
    <property name="awt.toolkit" value="sun.awt.windows.WToolkit"/>
    <property name="file.encoding.pkg" value="sun.io"/>
    <property name="java.specification.version" value="1.8"/>
    <property name="sun.cpu.isalist" value="amd64"/>
    <property name="sun.jnu.encoding" value="GBK"/>
    <property name="java.class.path" value="C:\Users\13833\IdeaProjects\lunwen\target\test-classes;C:\Users\13833\IdeaProjects\lunwen\target\classes;C:\Users\13833\Desktop\springboot包中心\org\springframework\boot\spring-boot-starter-data-jpa\2.1.5.RELEASE\spring-boot-starter-data-jpa-2.1.5.RELEASE.jar;C:\Users\13833\Desktop\springboot包中心\org\springframework\boot\spring-boot-starter-aop\2.1.5.RELEASE\spring-boot-starter-aop-2.1.5.RELEASE.jar;C:\Users\13833\Desktop\springboot包中心\org\springframework\spring-aop\5.1.7.RELEASE\spring-aop-5.1.7.RELEASE.jar;C:\Users\13833\Desktop\springboot包中心\org\aspectj\aspectjweaver\1.9.4\aspectjweaver-1.9.4.jar;C:\Users\13833\Desktop\springboot包中心\javax\transaction\javax.transaction-api\1.3\javax.transaction-api-1.3.jar;C:\Users\13833\Desktop\springboot包中心\javax\xml\bind\jaxb-api\2.3.1\jaxb-api-2.3.1.jar;C:\Users\13833\Desktop\springboot包中心\javax\activation\javax.activation-api\1.2.0\javax.activation-api-1.2.0.jar;C:\Users\13833\Desktop\springboot包中心\org\hibernate\hibernate-core\5.3.10.Final\hibernate-core-5.3.10.Final.jar;C:\Users\13833\Desktop\springboot包中心\org\jboss\logging\jboss-logging\3.3.2.Final\jboss-logging-3.3.2.Final.jar;C:\Users\13833\Desktop\springboot包中心\javax\persistence\javax.persistence-api\2.2\javax.persistence-api-2.2.jar;C:\Users\13833\Desktop\springboot包中心\org\javassist\javassist\3.23.2-GA\javassist-3.23.2-GA.jar;C:\Users\13833\Desktop\springboot包中心\net\bytebuddy\byte-buddy\1.9.12\byte-buddy-1.9.12.jar;C:\Users\13833\Desktop\springboot包中心\antlr\antlr\2.7.7\antlr-2.7.7.jar;C:\Users\13833\Desktop\springboot包中心\org\jboss\jandex\2.0.5.Final\jandex-2.0.5.Final.jar;C:\Users\13833\Desktop\springboot包中心\com\fasterxml\classmate\1.4.0\classmate-1.4.0.jar;C:\Users\13833\Desktop\springboot包中心\org\dom4j\dom4j\2.1.1\dom4j-2.1.1.jar;C:\Users\13833\Desktop\springboot包中心\org\hibernate\common\hibernate-commons-annotations\5.0.4.Final\hibernate-commons-annotations-5.0.4.Final.jar;C:\Users\13833\Desktop\springboot包中心\org\springframework\data\spring-data-jpa\2.1.8.RELEASE\spring-data-jpa-2.1.8.RELEASE.jar;C:\Users\13833\Desktop\springboot包中心\org\springframework\data\spring-data-commons\2.1.8.RELEASE\spring-data-commons-2.1.8.RELEASE.jar;C:\Users\13833\Desktop\springboot包中心\org\springframework\spring-orm\5.1.7.RELEASE\spring-orm-5.1.7.RELEASE.jar;C:\Users\13833\Desktop\springboot包中心\org\springframework\spring-context\5.1.7.RELEASE\spring-context-5.1.7.RELEASE.jar;C:\Users\13833\Desktop\springboot包中心\org\springframework\spring-tx\5.1.7.RELEASE\spring-tx-5.1.7.RELEASE.jar;C:\Users\13833\Desktop\springboot包中心\org\springframework\spring-beans\5.1.7.RELEASE\spring-beans-5.1.7.RELEASE.jar;C:\Users\13833\Desktop\springboot包中心\org\slf4j\slf4j-api\1.7.26\slf4j-api-1.7.26.jar;C:\Users\13833\Desktop\springboot包中心\org\springframework\spring-aspects\5.1.7.RELEASE\spring-aspects-5.1.7.RELEASE.jar;C:\Users\13833\Desktop\springboot包中心\org\springframework\boot\spring-boot-starter-jdbc\2.1.5.RELEASE\spring-boot-starter-jdbc-2.1.5.RELEASE.jar;C:\Users\13833\Desktop\springboot包中心\org\springframework\boot\spring-boot-starter\2.1.5.RELEASE\spring-boot-starter-2.1.5.RELEASE.jar;C:\Users\13833\Desktop\springboot包中心\org\springframework\boot\spring-boot\2.1.5.RELEASE\spring-boot-2.1.5.RELEASE.jar;C:\Users\13833\Desktop\springboot包中心\org\springframework\boot\spring-boot-autoconfigure\2.1.5.RELEASE\spring-boot-autoconfigure-2.1.5.RELEASE.jar;C:\Users\13833\Desktop\springboot包中心\org\springframework\boot\spring-boot-starter-logging\2.1.5.RELEASE\spring-boot-starter-logging-2.1.5.RELEASE.jar;C:\Users\13833\Desktop\springboot包中心\ch\qos\logback\logback-classic\1.2.3\logback-classic-1.2.3.jar;C:\Users\13833\Desktop\springboot包中心\ch\qos\logback\logback-core\1.2.3\logback-core-1.2.3.jar;C:\Users\13833\Desktop\springboot包中心\org\apache\logging\log4j\log4j-to-slf4j\2.11.2\log4j-to-slf4j-2.11.2.jar;C:\Users\13833\Desktop\springboot包中心\org\apache\logging\log4j\log4j-api\2.11.2\log4j-api-2.11.2.jar;C:\Users\13833\Desktop\springboot包中心\org\slf4j\jul-to-slf4j\1.7.26\jul-to-slf4j-1.7.26.jar;C:\Users\13833\Desktop\springboot包中心\javax\annotation\javax.annotation-api\1.3.2\javax.annotation-api-1.3.2.jar;C:\Users\13833\Desktop\springboot包中心\org\yaml\snakeyaml\1.23\snakeyaml-1.23.jar;C:\Users\13833\Desktop\springboot包中心\com\zaxxer\HikariCP\3.2.0\HikariCP-3.2.0.jar;C:\Users\13833\Desktop\springboot包中心\org\springframework\spring-jdbc\5.1.7.RELEASE\spring-jdbc-5.1.7.RELEASE.jar;C:\Users\13833\Desktop\springboot包中心\org\springframework\boot\spring-boot-starter-thymeleaf\2.1.5.RELEASE\spring-boot-starter-thymeleaf-2.1.5.RELEASE.jar;C:\Users\13833\Desktop\springboot包中心\org\thymeleaf\thymeleaf-spring5\3.0.11.RELEASE\thymeleaf-spring5-3.0.11.RELEASE.jar;C:\Users\13833\Desktop\springboot包中心\org\thymeleaf\thymeleaf\3.0.11.RELEASE\thymeleaf-3.0.11.RELEASE.jar;C:\Users\13833\Desktop\springboot包中心\org\attoparser\attoparser\2.0.5.RELEASE\attoparser-2.0.5.RELEASE.jar;C:\Users\13833\Desktop\springboot包中心\org\unbescape\unbescape\1.1.6.RELEASE\unbescape-1.1.6.RELEASE.jar;C:\Users\13833\Desktop\springboot包中心\org\thymeleaf\extras\thymeleaf-extras-java8time\3.0.4.RELEASE\thymeleaf-extras-java8time-3.0.4.RELEASE.jar;C:\Users\13833\Desktop\springboot包中心\org\springframework\boot\spring-boot-starter-web\2.1.5.RELEASE\spring-boot-starter-web-2.1.5.RELEASE.jar;C:\Users\13833\Desktop\springboot包中心\org\springframework\boot\spring-boot-starter-json\2.1.5.RELEASE\spring-boot-starter-json-2.1.5.RELEASE.jar;C:\Users\13833\Desktop\springboot包中心\com\fasterxml\jackson\core\jackson-databind\2.9.8\jackson-databind-2.9.8.jar;C:\Users\13833\Desktop\springboot包中心\com\fasterxml\jackson\core\jackson-annotations\2.9.0\jackson-annotations-2.9.0.jar;C:\Users\13833\Desktop\springboot包中心\com\fasterxml\jackson\core\jackson-core\2.9.8\jackson-core-2.9.8.jar;C:\Users\13833\Desktop\springboot包中心\com\fasterxml\jackson\datatype\jackson-datatype-jdk8\2.9.8\jackson-datatype-jdk8-2.9.8.jar;C:\Users\13833\Desktop\springboot包中心\com\fasterxml\jackson\datatype\jackson-datatype-jsr310\2.9.8\jackson-datatype-jsr310-2.9.8.jar;C:\Users\13833\Desktop\springboot包中心\com\fasterxml\jackson\module\jackson-module-parameter-names\2.9.8\jackson-module-parameter-names-2.9.8.jar;C:\Users\13833\Desktop\springboot包中心\org\springframework\boot\spring-boot-starter-tomcat\2.1.5.RELEASE\spring-boot-starter-tomcat-2.1.5.RELEASE.jar;C:\Users\13833\Desktop\springboot包中心\org\apache\tomcat\embed\tomcat-embed-core\9.0.19\tomcat-embed-core-9.0.19.jar;C:\Users\13833\Desktop\springboot包中心\org\apache\tomcat\embed\tomcat-embed-el\9.0.19\tomcat-embed-el-9.0.19.jar;C:\Users\13833\Desktop\springboot包中心\org\apache\tomcat\embed\tomcat-embed-websocket\9.0.19\tomcat-embed-websocket-9.0.19.jar;C:\Users\13833\Desktop\springboot包中心\org\hibernate\validator\hibernate-validator\6.0.16.Final\hibernate-validator-6.0.16.Final.jar;C:\Users\13833\Desktop\springboot包中心\javax\validation\validation-api\2.0.1.Final\validation-api-2.0.1.Final.jar;C:\Users\13833\Desktop\springboot包中心\org\springframework\spring-web\5.1.7.RELEASE\spring-web-5.1.7.RELEASE.jar;C:\Users\13833\Desktop\springboot包中心\org\springframework\spring-webmvc\5.1.7.RELEASE\spring-webmvc-5.1.7.RELEASE.jar;C:\Users\13833\Desktop\springboot包中心\org\springframework\spring-expression\5.1.7.RELEASE\spring-expression-5.1.7.RELEASE.jar;C:\Users\13833\Desktop\springboot包中心\mysql\mysql-connector-java\8.0.16\mysql-connector-java-8.0.16.jar;C:\Users\13833\Desktop\springboot包中心\org\springframework\boot\spring-boot-starter-test\2.1.5.RELEASE\spring-boot-starter-test-2.1.5.RELEASE.jar;C:\Users\13833\Desktop\springboot包中心\org\springframework\boot\spring-boot-test\2.1.5.RELEASE\spring-boot-test-2.1.5.RELEASE.jar;C:\Users\13833\Desktop\springboot包中心\org\springframework\boot\spring-boot-test-autoconfigure\2.1.5.RELEASE\spring-boot-test-autoconfigure-2.1.5.RELEASE.jar;C:\Users\13833\Desktop\springboot包中心\com\jayway\jsonpath\json-path\2.4.0\json-path-2.4.0.jar;C:\Users\13833\Desktop\springboot包中心\net\minidev\json-smart\2.3\json-smart-2.3.jar;C:\Users\13833\Desktop\springboot包中心\net\minidev\accessors-smart\1.2\accessors-smart-1.2.jar;C:\Users\13833\Desktop\springboot包中心\org\ow2\asm\asm\5.0.4\asm-5.0.4.jar;C:\Users\13833\Desktop\springboot包中心\junit\junit\4.12\junit-4.12.jar;C:\Users\13833\Desktop\springboot包中心\org\assertj\assertj-core\3.11.1\assertj-core-3.11.1.jar;C:\Users\13833\Desktop\springboot包中心\org\mockito\mockito-core\2.23.4\mockito-core-2.23.4.jar;C:\Users\13833\Desktop\springboot包中心\net\bytebuddy\byte-buddy-agent\1.9.12\byte-buddy-agent-1.9.12.jar;C:\Users\13833\Desktop\springboot包中心\org\objenesis\objenesis\2.6\objenesis-2.6.jar;C:\Users\13833\Desktop\springboot包中心\org\hamcrest\hamcrest-core\1.3\hamcrest-core-1.3.jar;C:\Users\13833\Desktop\springboot包中心\org\hamcrest\hamcrest-library\1.3\hamcrest-library-1.3.jar;C:\Users\13833\Desktop\springboot包中心\org\skyscreamer\jsonassert\1.5.0\jsonassert-1.5.0.jar;C:\Users\13833\Desktop\springboot包中心\com\vaadin\external\google\android-json\0.0.20131108.vaadin1\android-json-0.0.20131108.vaadin1.jar;C:\Users\13833\Desktop\springboot包中心\org\springframework\spring-core\5.1.7.RELEASE\spring-core-5.1.7.RELEASE.jar;C:\Users\13833\Desktop\springboot包中心\org\springframework\spring-jcl\5.1.7.RELEASE\spring-jcl-5.1.7.RELEASE.jar;C:\Users\13833\Desktop\springboot包中心\org\springframework\spring-test\5.1.7.RELEASE\spring-test-5.1.7.RELEASE.jar;C:\Users\13833\Desktop\springboot包中心\org\xmlunit\xmlunit-core\2.6.2\xmlunit-core-2.6.2.jar;C:\Users\13833\Desktop\springboot包中心\org\apache\httpcomponents\httpclient\4.5.2\httpclient-4.5.2.jar;C:\Users\13833\Desktop\springboot包中心\org\apache\httpcomponents\httpcore\4.4.11\httpcore-4.4.11.jar;C:\Users\13833\Desktop\springboot包中心\commons-codec\commons-codec\1.11\commons-codec-1.11.jar;C:\Users\13833\Desktop\springboot包中心\org\jsoup\jsoup\1.11.3\jsoup-1.11.3.jar;C:\Users\13833\Desktop\springboot包中心\org\apache\commons\commons-lang3\3.4\commons-lang3-3.4.jar;C:\Users\13833\Desktop\springboot包中心\org\json\json\20160810\json-20160810.jar;"/>
    <property name="java.vm.vendor" value="Oracle Corporation"/>
    <property name="sun.arch.data.model" value="64"/>
    <property name="user.variant" value=""/>
    <property name="java.vendor.url" value="http://java.oracle.com/"/>
    <property name="user.timezone" value="Asia/Shanghai"/>
    <property name="java.vm.specification.version" value="1.8"/>
    <property name="os.name" value="Windows 10"/>
    <property name="user.country" value="CN"/>
    <property name="sun.java.launcher" value="SUN_STANDARD"/>
    <property name="sun.boot.library.path" value="C:\Program Files\Java\jdk1.8.0_201\jre\bin"/>
    <property name="sun.java.command" value="C:\Users\13833\AppData\Local\Temp\surefire2416433213424219094\surefirebooter555974781502570563.jar C:\Users\13833\AppData\Local\Temp\surefire2416433213424219094 2019-06-05T07-56-21_381-jvmRun1 surefire5427961853315998873tmp surefire_06046010710693910940tmp"/>
    <property name="surefire.test.class.path" value="C:\Users\13833\IdeaProjects\lunwen\target\test-classes;C:\Users\13833\IdeaProjects\lunwen\target\classes;C:\Users\13833\Desktop\springboot包中心\org\springframework\boot\spring-boot-starter-data-jpa\2.1.5.RELEASE\spring-boot-starter-data-jpa-2.1.5.RELEASE.jar;C:\Users\13833\Desktop\springboot包中心\org\springframework\boot\spring-boot-starter-aop\2.1.5.RELEASE\spring-boot-starter-aop-2.1.5.RELEASE.jar;C:\Users\13833\Desktop\springboot包中心\org\springframework\spring-aop\5.1.7.RELEASE\spring-aop-5.1.7.RELEASE.jar;C:\Users\13833\Desktop\springboot包中心\org\aspectj\aspectjweaver\1.9.4\aspectjweaver-1.9.4.jar;C:\Users\13833\Desktop\springboot包中心\javax\transaction\javax.transaction-api\1.3\javax.transaction-api-1.3.jar;C:\Users\13833\Desktop\springboot包中心\javax\xml\bind\jaxb-api\2.3.1\jaxb-api-2.3.1.jar;C:\Users\13833\Desktop\springboot包中心\javax\activation\javax.activation-api\1.2.0\javax.activation-api-1.2.0.jar;C:\Users\13833\Desktop\springboot包中心\org\hibernate\hibernate-core\5.3.10.Final\hibernate-core-5.3.10.Final.jar;C:\Users\13833\Desktop\springboot包中心\org\jboss\logging\jboss-logging\3.3.2.Final\jboss-logging-3.3.2.Final.jar;C:\Users\13833\Desktop\springboot包中心\javax\persistence\javax.persistence-api\2.2\javax.persistence-api-2.2.jar;C:\Users\13833\Desktop\springboot包中心\org\javassist\javassist\3.23.2-GA\javassist-3.23.2-GA.jar;C:\Users\13833\Desktop\springboot包中心\net\bytebuddy\byte-buddy\1.9.12\byte-buddy-1.9.12.jar;C:\Users\13833\Desktop\springboot包中心\antlr\antlr\2.7.7\antlr-2.7.7.jar;C:\Users\13833\Desktop\springboot包中心\org\jboss\jandex\2.0.5.Final\jandex-2.0.5.Final.jar;C:\Users\13833\Desktop\springboot包中心\com\fasterxml\classmate\1.4.0\classmate-1.4.0.jar;C:\Users\13833\Desktop\springboot包中心\org\dom4j\dom4j\2.1.1\dom4j-2.1.1.jar;C:\Users\13833\Desktop\springboot包中心\org\hibernate\common\hibernate-commons-annotations\5.0.4.Final\hibernate-commons-annotations-5.0.4.Final.jar;C:\Users\13833\Desktop\springboot包中心\org\springframework\data\spring-data-jpa\2.1.8.RELEASE\spring-data-jpa-2.1.8.RELEASE.jar;C:\Users\13833\Desktop\springboot包中心\org\springframework\data\spring-data-commons\2.1.8.RELEASE\spring-data-commons-2.1.8.RELEASE.jar;C:\Users\13833\Desktop\springboot包中心\org\springframework\spring-orm\5.1.7.RELEASE\spring-orm-5.1.7.RELEASE.jar;C:\Users\13833\Desktop\springboot包中心\org\springframework\spring-context\5.1.7.RELEASE\spring-context-5.1.7.RELEASE.jar;C:\Users\13833\Desktop\springboot包中心\org\springframework\spring-tx\5.1.7.RELEASE\spring-tx-5.1.7.RELEASE.jar;C:\Users\13833\Desktop\springboot包中心\org\springframework\spring-beans\5.1.7.RELEASE\spring-beans-5.1.7.RELEASE.jar;C:\Users\13833\Desktop\springboot包中心\org\slf4j\slf4j-api\1.7.26\slf4j-api-1.7.26.jar;C:\Users\13833\Desktop\springboot包中心\org\springframework\spring-aspects\5.1.7.RELEASE\spring-aspects-5.1.7.RELEASE.jar;C:\Users\13833\Desktop\springboot包中心\org\springframework\boot\spring-boot-starter-jdbc\2.1.5.RELEASE\spring-boot-starter-jdbc-2.1.5.RELEASE.jar;C:\Users\13833\Desktop\springboot包中心\org\springframework\boot\spring-boot-starter\2.1.5.RELEASE\spring-boot-starter-2.1.5.RELEASE.jar;C:\Users\13833\Desktop\springboot包中心\org\springframework\boot\spring-boot\2.1.5.RELEASE\spring-boot-2.1.5.RELEASE.jar;C:\Users\13833\Desktop\springboot包中心\org\springframework\boot\spring-boot-autoconfigure\2.1.5.RELEASE\spring-boot-autoconfigure-2.1.5.RELEASE.jar;C:\Users\13833\Desktop\springboot包中心\org\springframework\boot\spring-boot-starter-logging\2.1.5.RELEASE\spring-boot-starter-logging-2.1.5.RELEASE.jar;C:\Users\13833\Desktop\springboot包中心\ch\qos\logback\logback-classic\1.2.3\logback-classic-1.2.3.jar;C:\Users\13833\Desktop\springboot包中心\ch\qos\logback\logback-core\1.2.3\logback-core-1.2.3.jar;C:\Users\13833\Desktop\springboot包中心\org\apache\logging\log4j\log4j-to-slf4j\2.11.2\log4j-to-slf4j-2.11.2.jar;C:\Users\13833\Desktop\springboot包中心\org\apache\logging\log4j\log4j-api\2.11.2\log4j-api-2.11.2.jar;C:\Users\13833\Desktop\springboot包中心\org\slf4j\jul-to-slf4j\1.7.26\jul-to-slf4j-1.7.26.jar;C:\Users\13833\Desktop\springboot包中心\javax\annotation\javax.annotation-api\1.3.2\javax.annotation-api-1.3.2.jar;C:\Users\13833\Desktop\springboot包中心\org\yaml\snakeyaml\1.23\snakeyaml-1.23.jar;C:\Users\13833\Desktop\springboot包中心\com\zaxxer\HikariCP\3.2.0\HikariCP-3.2.0.jar;C:\Users\13833\Desktop\springboot包中心\org\springframework\spring-jdbc\5.1.7.RELEASE\spring-jdbc-5.1.7.RELEASE.jar;C:\Users\13833\Desktop\springboot包中心\org\springframework\boot\spring-boot-starter-thymeleaf\2.1.5.RELEASE\spring-boot-starter-thymeleaf-2.1.5.RELEASE.jar;C:\Users\13833\Desktop\springboot包中心\org\thymeleaf\thymeleaf-spring5\3.0.11.RELEASE\thymeleaf-spring5-3.0.11.RELEASE.jar;C:\Users\13833\Desktop\springboot包中心\org\thymeleaf\thymeleaf\3.0.11.RELEASE\thymeleaf-3.0.11.RELEASE.jar;C:\Users\13833\Desktop\springboot包中心\org\attoparser\attoparser\2.0.5.RELEASE\attoparser-2.0.5.RELEASE.jar;C:\Users\13833\Desktop\springboot包中心\org\unbescape\unbescape\1.1.6.RELEASE\unbescape-1.1.6.RELEASE.jar;C:\Users\13833\Desktop\springboot包中心\org\thymeleaf\extras\thymeleaf-extras-java8time\3.0.4.RELEASE\thymeleaf-extras-java8time-3.0.4.RELEASE.jar;C:\Users\13833\Desktop\springboot包中心\org\springframework\boot\spring-boot-starter-web\2.1.5.RELEASE\spring-boot-starter-web-2.1.5.RELEASE.jar;C:\Users\13833\Desktop\springboot包中心\org\springframework\boot\spring-boot-starter-json\2.1.5.RELEASE\spring-boot-starter-json-2.1.5.RELEASE.jar;C:\Users\13833\Desktop\springboot包中心\com\fasterxml\jackson\core\jackson-databind\2.9.8\jackson-databind-2.9.8.jar;C:\Users\13833\Desktop\springboot包中心\com\fasterxml\jackson\core\jackson-annotations\2.9.0\jackson-annotations-2.9.0.jar;C:\Users\13833\Desktop\springboot包中心\com\fasterxml\jackson\core\jackson-core\2.9.8\jackson-core-2.9.8.jar;C:\Users\13833\Desktop\springboot包中心\com\fasterxml\jackson\datatype\jackson-datatype-jdk8\2.9.8\jackson-datatype-jdk8-2.9.8.jar;C:\Users\13833\Desktop\springboot包中心\com\fasterxml\jackson\datatype\jackson-datatype-jsr310\2.9.8\jackson-datatype-jsr310-2.9.8.jar;C:\Users\13833\Desktop\springboot包中心\com\fasterxml\jackson\module\jackson-module-parameter-names\2.9.8\jackson-module-parameter-names-2.9.8.jar;C:\Users\13833\Desktop\springboot包中心\org\springframework\boot\spring-boot-starter-tomcat\2.1.5.RELEASE\spring-boot-starter-tomcat-2.1.5.RELEASE.jar;C:\Users\13833\Desktop\springboot包中心\org\apache\tomcat\embed\tomcat-embed-core\9.0.19\tomcat-embed-core-9.0.19.jar;C:\Users\13833\Desktop\springboot包中心\org\apache\tomcat\embed\tomcat-embed-el\9.0.19\tomcat-embed-el-9.0.19.jar;C:\Users\13833\Desktop\springboot包中心\org\apache\tomcat\embed\tomcat-embed-websocket\9.0.19\tomcat-embed-websocket-9.0.19.jar;C:\Users\13833\Desktop\springboot包中心\org\hibernate\validator\hibernate-validator\6.0.16.Final\hibernate-validator-6.0.16.Final.jar;C:\Users\13833\Desktop\springboot包中心\javax\validation\validation-api\2.0.1.Final\validation-api-2.0.1.Final.jar;C:\Users\13833\Desktop\springboot包中心\org\springframework\spring-web\5.1.7.RELEASE\spring-web-5.1.7.RELEASE.jar;C:\Users\13833\Desktop\springboot包中心\org\springframework\spring-webmvc\5.1.7.RELEASE\spring-webmvc-5.1.7.RELEASE.jar;C:\Users\13833\Desktop\springboot包中心\org\springframework\spring-expression\5.1.7.RELEASE\spring-expression-5.1.7.RELEASE.jar;C:\Users\13833\Desktop\springboot包中心\mysql\mysql-connector-java\8.0.16\mysql-connector-java-8.0.16.jar;C:\Users\13833\Desktop\springboot包中心\org\springframework\boot\spring-boot-starter-test\2.1.5.RELEASE\spring-boot-starter-test-2.1.5.RELEASE.jar;C:\Users\13833\Desktop\springboot包中心\org\springframework\boot\spring-boot-test\2.1.5.RELEASE\spring-boot-test-2.1.5.RELEASE.jar;C:\Users\13833\Desktop\springboot包中心\org\springframework\boot\spring-boot-test-autoconfigure\2.1.5.RELEASE\spring-boot-test-autoconfigure-2.1.5.RELEASE.jar;C:\Users\13833\Desktop\springboot包中心\com\jayway\jsonpath\json-path\2.4.0\json-path-2.4.0.jar;C:\Users\13833\Desktop\springboot包中心\net\minidev\json-smart\2.3\json-smart-2.3.jar;C:\Users\13833\Desktop\springboot包中心\net\minidev\accessors-smart\1.2\accessors-smart-1.2.jar;C:\Users\13833\Desktop\springboot包中心\org\ow2\asm\asm\5.0.4\asm-5.0.4.jar;C:\Users\13833\Desktop\springboot包中心\junit\junit\4.12\junit-4.12.jar;C:\Users\13833\Desktop\springboot包中心\org\assertj\assertj-core\3.11.1\assertj-core-3.11.1.jar;C:\Users\13833\Desktop\springboot包中心\org\mockito\mockito-core\2.23.4\mockito-core-2.23.4.jar;C:\Users\13833\Desktop\springboot包中心\net\bytebuddy\byte-buddy-agent\1.9.12\byte-buddy-agent-1.9.12.jar;C:\Users\13833\Desktop\springboot包中心\org\objenesis\objenesis\2.6\objenesis-2.6.jar;C:\Users\13833\Desktop\springboot包中心\org\hamcrest\hamcrest-core\1.3\hamcrest-core-1.3.jar;C:\Users\13833\Desktop\springboot包中心\org\hamcrest\hamcrest-library\1.3\hamcrest-library-1.3.jar;C:\Users\13833\Desktop\springboot包中心\org\skyscreamer\jsonassert\1.5.0\jsonassert-1.5.0.jar;C:\Users\13833\Desktop\springboot包中心\com\vaadin\external\google\android-json\0.0.20131108.vaadin1\android-json-0.0.20131108.vaadin1.jar;C:\Users\13833\Desktop\springboot包中心\org\springframework\spring-core\5.1.7.RELEASE\spring-core-5.1.7.RELEASE.jar;C:\Users\13833\Desktop\springboot包中心\org\springframework\spring-jcl\5.1.7.RELEASE\spring-jcl-5.1.7.RELEASE.jar;C:\Users\13833\Desktop\springboot包中心\org\springframework\spring-test\5.1.7.RELEASE\spring-test-5.1.7.RELEASE.jar;C:\Users\13833\Desktop\springboot包中心\org\xmlunit\xmlunit-core\2.6.2\xmlunit-core-2.6.2.jar;C:\Users\13833\Desktop\springboot包中心\org\apache\httpcomponents\httpclient\4.5.2\httpclient-4.5.2.jar;C:\Users\13833\Desktop\springboot包中心\org\apache\httpcomponents\httpcore\4.4.11\httpcore-4.4.11.jar;C:\Users\13833\Desktop\springboot包中心\commons-codec\commons-codec\1.11\commons-codec-1.11.jar;C:\Users\13833\Desktop\springboot包中心\org\jsoup\jsoup\1.11.3\jsoup-1.11.3.jar;C:\Users\13833\Desktop\springboot包中心\org\apache\commons\commons-lang3\3.4\commons-lang3-3.4.jar;C:\Users\13833\Desktop\springboot包中心\org\json\json\20160810\json-20160810.jar;"/>
    <property name="sun.cpu.endian" value="little"/>
    <property name="user.home" value="C:\Users\13833"/>
    <property name="user.language" value="zh"/>
    <property name="java.specification.vendor" value="Oracle Corporation"/>
    <property name="java.home" value="C:\Program Files\Java\jdk1.8.0_201\jre"/>
    <property name="basedir" value="C:\Users\13833\IdeaProjects\lunwen"/>
    <property name="file.separator" value="\"/>
    <property name="line.separator" value="&#10;"/>
    <property name="java.vm.specification.vendor" value="Oracle Corporation"/>
    <property name="java.specification.name" value="Java Platform API Specification"/>
    <property name="java.awt.graphicsenv" value="sun.awt.Win32GraphicsEnvironment"/>
    <property name="surefire.real.class.path" value="C:\Users\13833\AppData\Local\Temp\surefire2416433213424219094\surefirebooter555974781502570563.jar"/>
    <property name="sun.boot.class.path" value="C:\Program Files\Java\jdk1.8.0_201\jre\lib\resources.jar;C:\Program Files\Java\jdk1.8.0_201\jre\lib\rt.jar;C:\Program Files\Java\jdk1.8.0_201\jre\lib\sunrsasign.jar;C:\Program Files\Java\jdk1.8.0_201\jre\lib\jsse.jar;C:\Program Files\Java\jdk1.8.0_201\jre\lib\jce.jar;C:\Program Files\Java\jdk1.8.0_201\jre\lib\charsets.jar;C:\Program Files\Java\jdk1.8.0_201\jre\lib\jfr.jar;C:\Program Files\Java\jdk1.8.0_201\jre\classes"/>
    <property name="user.script" value=""/>
    <property name="sun.management.compiler" value="HotSpot 64-Bit Tiered Compilers"/>
    <property name="java.runtime.version" value="1.8.0_201-b09"/>
    <property name="user.name" value="13833"/>
    <property name="path.separator" value=";"/>
    <property name="os.version" value="10.0"/>
    <property name="java.endorsed.dirs" value="C:\Program Files\Java\jdk1.8.0_201\jre\lib\endorsed"/>
    <property name="java.runtime.name" value="Java(TM) SE Runtime Environment"/>
    <property name="file.encoding" value="GBK"/>
    <property name="java.vm.name" value="Java HotSpot(TM) 64-Bit Server VM"/>
    <property name="localRepository" value="C:\Users\13833\Desktop\springboot包中心"/>
    <property name="java.vendor.url.bug" value="http://bugreport.sun.com/bugreport/"/>
    <property name="java.io.tmpdir" value="C:\Users\13833\AppData\Local\Temp\"/>
    <property name="idea.version" value="2018.3.6"/>
    <property name="java.version" value="1.8.0_201"/>
    <property name="user.dir" value="C:\Users\13833\IdeaProjects\lunwen"/>
    <property name="os.arch" value="amd64"/>
    <property name="java.vm.specification.name" value="Java Virtual Machine Specification"/>
    <property name="java.awt.printerjob" value="sun.awt.windows.WPrinterJob"/>
    <property name="sun.os.patch.level" value=""/>
    <property name="java.library.path" value="C:\Program Files\Java\jdk1.8.0_201\jre\bin;C:\WINDOWS\Sun\Java\bin;C:\WINDOWS\system32;C:\WINDOWS;C:\Program Files\Java\jdk1.8.0_201\bin;C:\Program Files\Java\jre1.8.0_201\bin;C:\Program Files (x86)\Common Files\Oracle\Java\javapath;C:\WINDOWS\system32;C:\WINDOWS;C:\WINDOWS\System32\Wbem;C:\WINDOWS\System32\WindowsPowerShell\v1.0\;C:\Program Files\Microsoft SQL Server\Client SDK\ODBC\130\Tools\Binn\;C:\Program Files (x86)\Microsoft SQL Server\140\Tools\Binn\;C:\Program Files\Microsoft SQL Server\140\Tools\Binn\;C:\Program Files\Microsoft SQL Server\140\DTS\Binn\;C:\Program Files (x86)\Microsoft SQL Server\Client SDK\ODBC\130\Tools\Binn\;C:\Program Files (x86)\Microsoft SQL Server\140\DTS\Binn\;C:\Program Files (x86)\Microsoft SQL Server\140\Tools\Binn\ManagementStudio\;C:\WINDOWS\System32\OpenSSH\;%MYSQL_HOME%\bin;C:\Program Files\Git\cmd;C:\Program Files (x86)\Microsoft SQL Server\90\Tools\binn\;E:\小乌龟\bin;C:\Program Files\gradle-5.3.1-all\gradle-5.3.1\bin;C:\Program Files\Java\jdk1.8.0_201\jre\bin;C:\Program Files\Java\jdk1.8.0_201\bin;C:\Program Files\protoc-3.3.0-win32\bin;C:\Program Files\Thrift;C:\Users\13833\Anaconda3\Scripts;C:\Program Files\apache-maven-3.6.1\bin;C:\Users\13833\AppData\Local\Programs\Python\Python36\Scripts\;C:\Users\13833\AppData\Local\Programs\Python\Python36\;C:\Users\13833\AppData\Local\Microsoft\WindowsApps;;D:\软件工程\IntelliJ IDEA 2018.3.5\bin;;C:\Users\13833\AppData\Local\Programs\Microsoft VS Code\bin;C:\Users\13833\Desktop\Fiddler;."/>
    <property name="java.vm.info" value="mixed mode"/>
    <property name="java.vendor" value="Oracle Corporation"/>
    <property name="java.vm.version" value="25.201-b09"/>
    <property name="java.ext.dirs" value="C:\Program Files\Java\jdk1.8.0_201\jre\lib\ext;C:\WINDOWS\Sun\Java\lib\ext"/>
    <property name="sun.io.unicode.encoding" value="UnicodeLittle"/>
    <property name="maven.repo.local" value="C:\Users\13833\Desktop\springboot包中心"/>
    <property name="java.class.version" value="52.0"/>
  </properties>
  <testcase name="contextLoads" classname="com.hbsd.rjxy.lunwen.LunwenApplicationTests" time="8.892"/>
</testsuite>